Performing C SOURCE FILE Test CMAKE_HAVE_LIBC_PTHREAD failed with the following output:
Change Dir: /home/timur/prep-2021.01/CMakeFiles/CMakeTmp

Run Build Command(s):/usr/bin/make cmTC_5e608/fast && /usr/bin/make -f CMakeFiles/cmTC_5e608.dir/build.make CMakeFiles/cmTC_5e608.dir/build
make[1]: вход в каталог «/home/timur/prep-2021.01/CMakeFiles/CMakeTmp»
Building C object CMakeFiles/cmTC_5e608.dir/src.c.o
/usr/bin/cc   -DCMAKE_HAVE_LIBC_PTHREAD   -o CMakeFiles/cmTC_5e608.dir/src.c.o   -c /home/timur/prep-2021.01/CMakeFiles/CMakeTmp/src.c
Linking C executable cmTC_5e608
/usr/bin/cmake -E cmake_link_script CMakeFiles/cmTC_5e608.dir/link.txt --verbose=1
/usr/bin/cc  -DCMAKE_HAVE_LIBC_PTHREAD    CMakeFiles/cmTC_5e608.dir/src.c.o  -o cmTC_5e608 
/usr/bin/ld: CMakeFiles/cmTC_5e608.dir/src.c.o: в функции «main»:
src.c:(.text+0x46): неопределённая ссылка на «pthread_create»
/usr/bin/ld: src.c:(.text+0x52): неопределённая ссылка на «pthread_detach»
/usr/bin/ld: src.c:(.text+0x63): неопределённая ссылка на «pthread_join»
collect2: error: ld returned 1 exit status
make[1]: *** [CMakeFiles/cmTC_5e608.dir/build.make:87: cmTC_5e608] Ошибка 1
make[1]: выход из каталога «/home/timur/prep-2021.01/CMakeFiles/CMakeTmp»
make: *** [Makefile:121: cmTC_5e608/fast] Ошибка 2


Source file was:
#include <pthread.h>

void* test_func(void* data)
{
  return data;
}

int main(void)
{
  pthread_t thread;
  pthread_create(&thread, NULL, test_func, NULL);
  pthread_detach(thread);
  pthread_join(thread, NULL);
  pthread_atfork(NULL, NULL, NULL);
  pthread_exit(NULL);

  return 0;
}

Determining if the function pthread_create exists in the pthreads failed with the following output:
Change Dir: /home/timur/prep-2021.01/CMakeFiles/CMakeTmp

Run Build Command(s):/usr/bin/make cmTC_0c272/fast && /usr/bin/make -f CMakeFiles/cmTC_0c272.dir/build.make CMakeFiles/cmTC_0c272.dir/build
make[1]: вход в каталог «/home/timur/prep-2021.01/CMakeFiles/CMakeTmp»
Building C object CMakeFiles/cmTC_0c272.dir/CheckFunctionExists.c.o
/usr/bin/cc   -DCHECK_FUNCTION_EXISTS=pthread_create   -o CMakeFiles/cmTC_0c272.dir/CheckFunctionExists.c.o   -c /usr/share/cmake-3.16/Modules/CheckFunctionExists.c
Linking C executable cmTC_0c272
/usr/bin/cmake -E cmake_link_script CMakeFiles/cmTC_0c272.dir/link.txt --verbose=1
/usr/bin/cc  -DCHECK_FUNCTION_EXISTS=pthread_create    CMakeFiles/cmTC_0c272.dir/CheckFunctionExists.c.o  -o cmTC_0c272  -lpthreads 
/usr/bin/ld: невозможно найти -lpthreads
collect2: error: ld returned 1 exit status
make[1]: *** [CMakeFiles/cmTC_0c272.dir/build.make:87: cmTC_0c272] Ошибка 1
make[1]: выход из каталога «/home/timur/prep-2021.01/CMakeFiles/CMakeTmp»
make: *** [Makefile:121: cmTC_0c272/fast] Ошибка 2



Performing C SOURCE FILE Test CMAKE_HAVE_LIBC_PTHREAD failed with the following output:
Change Dir: /home/timur/prep-2021.01/CMakeFiles/CMakeTmp

Run Build Command(s):/usr/bin/make cmTC_ba42c/fast && make[1]: вход в каталог «/home/timur/prep-2021.01/CMakeFiles/CMakeTmp»
/usr/bin/make -f CMakeFiles/cmTC_ba42c.dir/build.make CMakeFiles/cmTC_ba42c.dir/build
make[2]: вход в каталог «/home/timur/prep-2021.01/CMakeFiles/CMakeTmp»
Building C object CMakeFiles/cmTC_ba42c.dir/src.c.o
/usr/bin/cc   -DCMAKE_HAVE_LIBC_PTHREAD   -o CMakeFiles/cmTC_ba42c.dir/src.c.o   -c /home/timur/prep-2021.01/CMakeFiles/CMakeTmp/src.c
Linking C executable cmTC_ba42c
/usr/bin/cmake -E cmake_link_script CMakeFiles/cmTC_ba42c.dir/link.txt --verbose=1
/usr/bin/cc  -DCMAKE_HAVE_LIBC_PTHREAD    CMakeFiles/cmTC_ba42c.dir/src.c.o  -o cmTC_ba42c 
/usr/bin/ld: CMakeFiles/cmTC_ba42c.dir/src.c.o: в функции «main»:
src.c:(.text+0x46): неопределённая ссылка на «pthread_create»
/usr/bin/ld: src.c:(.text+0x52): неопределённая ссылка на «pthread_detach»
/usr/bin/ld: src.c:(.text+0x63): неопределённая ссылка на «pthread_join»
collect2: error: ld returned 1 exit status
make[2]: *** [CMakeFiles/cmTC_ba42c.dir/build.make:87: cmTC_ba42c] Ошибка 1
make[2]: выход из каталога «/home/timur/prep-2021.01/CMakeFiles/CMakeTmp»
make[1]: *** [Makefile:121: cmTC_ba42c/fast] Ошибка 2
make[1]: выход из каталога «/home/timur/prep-2021.01/CMakeFiles/CMakeTmp»


Source file was:
#include <pthread.h>

void* test_func(void* data)
{
  return data;
}

int main(void)
{
  pthread_t thread;
  pthread_create(&thread, NULL, test_func, NULL);
  pthread_detach(thread);
  pthread_join(thread, NULL);
  pthread_atfork(NULL, NULL, NULL);
  pthread_exit(NULL);

  return 0;
}

Determining if the function pthread_create exists in the pthreads failed with the following output:
Change Dir: /home/timur/prep-2021.01/CMakeFiles/CMakeTmp

Run Build Command(s):/usr/bin/make cmTC_a2715/fast && make[1]: вход в каталог «/home/timur/prep-2021.01/CMakeFiles/CMakeTmp»
/usr/bin/make -f CMakeFiles/cmTC_a2715.dir/build.make CMakeFiles/cmTC_a2715.dir/build
make[2]: вход в каталог «/home/timur/prep-2021.01/CMakeFiles/CMakeTmp»
Building C object CMakeFiles/cmTC_a2715.dir/CheckFunctionExists.c.o
/usr/bin/cc   -DCHECK_FUNCTION_EXISTS=pthread_create   -o CMakeFiles/cmTC_a2715.dir/CheckFunctionExists.c.o   -c /usr/share/cmake-3.16/Modules/CheckFunctionExists.c
Linking C executable cmTC_a2715
/usr/bin/cmake -E cmake_link_script CMakeFiles/cmTC_a2715.dir/link.txt --verbose=1
/usr/bin/cc  -DCHECK_FUNCTION_EXISTS=pthread_create    CMakeFiles/cmTC_a2715.dir/CheckFunctionExists.c.o  -o cmTC_a2715  -lpthreads 
/usr/bin/ld: невозможно найти -lpthreads
collect2: error: ld returned 1 exit status
make[2]: *** [CMakeFiles/cmTC_a2715.dir/build.make:87: cmTC_a2715] Ошибка 1
make[2]: выход из каталога «/home/timur/prep-2021.01/CMakeFiles/CMakeTmp»
make[1]: *** [Makefile:121: cmTC_a2715/fast] Ошибка 2
make[1]: выход из каталога «/home/timur/prep-2021.01/CMakeFiles/CMakeTmp»



Performing C SOURCE FILE Test CMAKE_HAVE_LIBC_PTHREAD failed with the following output:
Change Dir: /home/timur/prep-2021.01/CMakeFiles/CMakeTmp

Run Build Command(s):/usr/bin/make cmTC_140a3/fast && make[1]: вход в каталог «/home/timur/prep-2021.01/CMakeFiles/CMakeTmp»
/usr/bin/make -f CMakeFiles/cmTC_140a3.dir/build.make CMakeFiles/cmTC_140a3.dir/build
make[2]: вход в каталог «/home/timur/prep-2021.01/CMakeFiles/CMakeTmp»
Building C object CMakeFiles/cmTC_140a3.dir/src.c.o
/usr/bin/cc   -DCMAKE_HAVE_LIBC_PTHREAD   -o CMakeFiles/cmTC_140a3.dir/src.c.o   -c /home/timur/prep-2021.01/CMakeFiles/CMakeTmp/src.c
Linking C executable cmTC_140a3
/usr/bin/cmake -E cmake_link_script CMakeFiles/cmTC_140a3.dir/link.txt --verbose=1
/usr/bin/cc  -DCMAKE_HAVE_LIBC_PTHREAD    CMakeFiles/cmTC_140a3.dir/src.c.o  -o cmTC_140a3 
/usr/bin/ld: CMakeFiles/cmTC_140a3.dir/src.c.o: в функции «main»:
src.c:(.text+0x46): неопределённая ссылка на «pthread_create»
/usr/bin/ld: src.c:(.text+0x52): неопределённая ссылка на «pthread_detach»
/usr/bin/ld: src.c:(.text+0x63): неопределённая ссылка на «pthread_join»
collect2: error: ld returned 1 exit status
make[2]: *** [CMakeFiles/cmTC_140a3.dir/build.make:87: cmTC_140a3] Ошибка 1
make[2]: выход из каталога «/home/timur/prep-2021.01/CMakeFiles/CMakeTmp»
make[1]: *** [Makefile:121: cmTC_140a3/fast] Ошибка 2
make[1]: выход из каталога «/home/timur/prep-2021.01/CMakeFiles/CMakeTmp»


Source file was:
#include <pthread.h>

void* test_func(void* data)
{
  return data;
}

int main(void)
{
  pthread_t thread;
  pthread_create(&thread, NULL, test_func, NULL);
  pthread_detach(thread);
  pthread_join(thread, NULL);
  pthread_atfork(NULL, NULL, NULL);
  pthread_exit(NULL);

  return 0;
}

Determining if the function pthread_create exists in the pthreads failed with the following output:
Change Dir: /home/timur/prep-2021.01/CMakeFiles/CMakeTmp

Run Build Command(s):/usr/bin/make cmTC_3e2bc/fast && make[1]: вход в каталог «/home/timur/prep-2021.01/CMakeFiles/CMakeTmp»
/usr/bin/make -f CMakeFiles/cmTC_3e2bc.dir/build.make CMakeFiles/cmTC_3e2bc.dir/build
make[2]: вход в каталог «/home/timur/prep-2021.01/CMakeFiles/CMakeTmp»
Building C object CMakeFiles/cmTC_3e2bc.dir/CheckFunctionExists.c.o
/usr/bin/cc   -DCHECK_FUNCTION_EXISTS=pthread_create   -o CMakeFiles/cmTC_3e2bc.dir/CheckFunctionExists.c.o   -c /usr/share/cmake-3.16/Modules/CheckFunctionExists.c
Linking C executable cmTC_3e2bc
/usr/bin/cmake -E cmake_link_script CMakeFiles/cmTC_3e2bc.dir/link.txt --verbose=1
/usr/bin/cc  -DCHECK_FUNCTION_EXISTS=pthread_create    CMakeFiles/cmTC_3e2bc.dir/CheckFunctionExists.c.o  -o cmTC_3e2bc  -lpthreads 
/usr/bin/ld: невозможно найти -lpthreads
collect2: error: ld returned 1 exit status
make[2]: *** [CMakeFiles/cmTC_3e2bc.dir/build.make:87: cmTC_3e2bc] Ошибка 1
make[2]: выход из каталога «/home/timur/prep-2021.01/CMakeFiles/CMakeTmp»
make[1]: *** [Makefile:121: cmTC_3e2bc/fast] Ошибка 2
make[1]: выход из каталога «/home/timur/prep-2021.01/CMakeFiles/CMakeTmp»



